<?xml version="1.0" encoding="UTF-8"?>
<!-- Generated by org.testng.reporters.JUnitReportReporter -->
<testsuite hostname="DESKTOP-3ESOLN2" failures="0" tests="1" name="tests.SignupTest" time="304.737" errors="0" timestamp="2025-07-06T15:47:16 IST" skipped="0">
  <testcase classname="tests.SignupTest" name="validSignupTest" time="304.737"/>
</testsuite> <!-- tests.SignupTest -->
