<?xml version="1.0" encoding="UTF-8"?>
<!-- Generated by org.testng.reporters.JUnitReportReporter -->
<testsuite hostname="DESKTOP-3ESOLN2" failures="0" tests="1" name="tests.AddressTest" time="25.313" errors="0" timestamp="2025-07-06T18:28:26 IST" skipped="0">
  <testcase classname="tests.AddressTest" name="setAddress" time="25.313"/>
</testsuite> <!-- tests.AddressTest -->
