<?xml version="1.0" encoding="UTF-8"?>
<!-- Generated by org.testng.reporters.JUnitReportReporter -->
<testsuite hostname="DESKTOP-3ESOLN2" failures="0" tests="1" name="tests.LoginTest" time="11.716" errors="0" timestamp="2025-07-11T09:19:23 IST" skipped="0">
  <testcase classname="tests.LoginTest" name="login" time="11.716"/>
</testsuite> <!-- tests.LoginTest -->
