<?xml version="1.0" encoding="UTF-8"?>
<!-- Generated by org.testng.reporters.JUnitReportReporter -->
<testsuite hostname="DESKTOP-3ESOLN2" failures="0" tests="1" name="tests.LoginTest" time="18.318" errors="0" timestamp="2025-07-06T18:36:21 IST" skipped="0">
  <testcase classname="tests.LoginTest" name="login" time="18.318"/>
</testsuite> <!-- tests.LoginTest -->
